<?xml version="1.0" encoding="UTF-8"?>
<!-- Generated by org.testng.reporters.JUnitReportReporter -->
<testsuite hostname="LAPTOP-24GL9J8M" failures="0" tests="1" name="LMS_API.LMS_API" time="1.303" errors="0" timestamp="2021-08-11T15:50:45 EDT" skipped="0">
  <testcase classname="LMS_API.LMS_API" name="get_prog_cont" time="1.303"/>
  <system-out/>
</testsuite> <!-- LMS_API.LMS_API -->
