<?xml version="1.0" encoding="UTF-8"?>
<!-- Generated by org.testng.reporters.JUnitReportReporter -->
<testsuite hostname="LAPTOP-24GL9J8M" failures="0" tests="1" name="JobAPI.JobAPIAutomation" time="0.943" errors="0" timestamp="2021-08-11T07:59:03 EDT" skipped="0">
  <testcase classname="JobAPI.JobAPIAutomation" name="testDelete" time="0.943"/>
  <system-out/>
</testsuite> <!-- JobAPI.JobAPIAutomation -->
