<?xml version="1.0" encoding="UTF-8"?>
<!-- Generated by org.testng.reporters.JUnitReportReporter -->
<testsuite hostname="LAPTOP-24GL9J8M" failures="0" tests="1" name="JobAPI.delete_JobAPI" time="1.473" errors="0" timestamp="2021-08-11T08:36:01 EDT" skipped="0">
  <testcase classname="JobAPI.delete_JobAPI" name="testDelete" time="1.473"/>
  <system-out/>
</testsuite> <!-- JobAPI.delete_JobAPI -->
