<?xml version="1.0" encoding="UTF-8"?>
<!-- Generated by org.testng.reporters.JUnitReportReporter -->
<testsuite hostname="LAPTOP-24GL9J8M" failures="0" tests="1" name="LMS_API.Test_LMS" time="1.616" errors="0" timestamp="2021-08-12T13:15:35 EDT" skipped="0">
  <testcase classname="LMS_API.Test_LMS" name="lmsAPI" time="1.616"/>
  <system-out/>
</testsuite> <!-- LMS_API.Test_LMS -->
