<?xml version="1.0" encoding="UTF-8"?>
<!-- Generated by org.testng.reporters.JUnitReportReporter -->
<testsuite hostname="LAPTOP-24GL9J8M" failures="0" tests="1" name="JobAPI.del_JobAPI" time="1.411" errors="0" timestamp="2021-08-11T12:38:22 EDT" skipped="0">
  <testcase classname="JobAPI.del_JobAPI" name="testDelete" time="1.411"/>
  <system-out/>
</testsuite> <!-- JobAPI.del_JobAPI -->
