<?xml version="1.0" encoding="UTF-8"?>
<!-- Generated by org.testng.reporters.JUnitReportReporter -->
<testsuite hostname="LAPTOP-24GL9J8M" failures="0" tests="1" name="LMS_API.LMS_API_AutoRandomData" time="1.371" errors="0" timestamp="2021-08-11T16:54:04 EDT" skipped="0">
  <testcase classname="LMS_API.LMS_API_AutoRandomData" name="testpost" time="1.371"/>
  <system-out/>
</testsuite> <!-- LMS_API.LMS_API_AutoRandomData -->
