<?xml version="1.0" encoding="UTF-8"?>
<!-- Generated by org.testng.reporters.JUnitReportReporter -->
<testsuite hostname="LAPTOP-24GL9J8M" failures="0" tests="1" name="JobAPI.get_JobAPI" time="1.491" errors="0" timestamp="2021-08-11T12:38:33 EDT" skipped="0">
  <testcase classname="JobAPI.get_JobAPI" name="getJobListTest" time="1.491"/>
  <system-out/>
</testsuite> <!-- JobAPI.get_JobAPI -->
