<?xml version="1.0" encoding="UTF-8"?>
<!-- Generated by org.testng.reporters.JUnitReportReporter -->
<testsuite hostname="LAPTOP-24GL9J8M" failures="0" tests="1" name="LMS_API.httpMethods_LMS" time="1.168" errors="0" timestamp="2021-08-13T14:15:22 EDT" skipped="0">
  <testcase classname="LMS_API.httpMethods_LMS" name="del_prog_cont" time="1.168"/>
  <system-out/>
</testsuite> <!-- LMS_API.httpMethods_LMS -->
