<?xml version="1.0" encoding="UTF-8"?>
<!-- Generated by org.testng.reporters.JUnitReportReporter -->
<testsuite hostname="LAPTOP-24GL9J8M" failures="0" tests="1" name="LMS_API.get_LMS_API" time="2.081" errors="0" timestamp="2021-08-09T17:04:34 EDT" skipped="0">
  <testcase classname="LMS_API.get_LMS_API" name="get_prog_cont" time="2.081"/>
  <system-out/>
</testsuite> <!-- LMS_API.get_LMS_API -->
