<?xml version="1.0" encoding="UTF-8"?>
<!-- Generated by org.testng.reporters.JUnitReportReporter -->
<testsuite hostname="LAPTOP-24GL9J8M" failures="0" tests="1" name="JobAPI.get_requestTest" time="1.489" errors="0" timestamp="2021-08-09T15:36:38 EDT" skipped="0">
  <testcase classname="JobAPI.get_requestTest" name="get_JobDetails" time="1.489"/>
  <system-out/>
</testsuite> <!-- JobAPI.get_requestTest -->
