<?xml version="1.0" encoding="UTF-8"?>
<!-- Generated by org.testng.reporters.JUnitReportReporter -->
<testsuite hostname="LAPTOP-24GL9J8M" failures="0" tests="1" name="LMS_API.Post_LMS" time="2.306" errors="0" timestamp="2021-08-10T15:14:14 EDT" skipped="0">
  <testcase classname="LMS_API.Post_LMS" name="put_prog_cont" time="2.306"/>
  <system-out/>
</testsuite> <!-- LMS_API.Post_LMS -->
