<?xml version="1.0" encoding="UTF-8"?>
<!-- Generated by org.testng.reporters.JUnitReportReporter -->
<testsuite hostname="LAPTOP-24GL9J8M" failures="0" tests="1" name="JobAPI.put_JobAPI" time="1.498" errors="0" timestamp="2021-08-10T17:37:53 EDT" skipped="0">
  <testcase classname="JobAPI.put_JobAPI" name="testPut" time="1.498"/>
  <system-out/>
</testsuite> <!-- JobAPI.put_JobAPI -->
