<?xml version="1.0" encoding="UTF-8"?>
<!-- Generated by org.testng.reporters.JUnitReportReporter -->
<testsuite hostname="LAPTOP-24GL9J8M" failures="0" tests="1" name="LMS_API.LMS_API_automation" time="2.763" errors="0" timestamp="2021-08-13T14:17:52 EDT" skipped="0">
  <testcase classname="LMS_API.LMS_API_automation" name="post_prog_cont" time="2.763"/>
  <system-out/>
</testsuite> <!-- LMS_API.LMS_API_automation -->
