<?xml version="1.0" encoding="UTF-8"?>
<!-- Generated by org.testng.reporters.JUnitReportReporter -->
<testsuite hostname="LAPTOP-24GL9J8M" failures="0" tests="1" name="JobAPI.post_requestJobAPI" time="1.733" errors="0" timestamp="2021-08-06T16:43:55 EDT" skipped="0">
  <testcase classname="JobAPI.post_requestJobAPI" name="testPost" time="1.733"/>
  <system-out/>
</testsuite> <!-- JobAPI.post_requestJobAPI -->
