<?xml version="1.0" encoding="UTF-8"?>
<!-- Generated by org.testng.reporters.JUnitReportReporter -->
<testsuite hostname="LAPTOP-24GL9J8M" failures="0" tests="4" name="DataDrivenTesting.LMS_API" time="40.448" errors="0" timestamp="2021-09-12T10:48:15 EDT" skipped="0">
  <testcase classname="DataDrivenTesting.LMS_API" name="post_programs" time="39.042"/>
  <system-out/>
  <testcase classname="DataDrivenTesting.LMS_API" name="post_programs" time="0.611"/>
  <system-out/>
  <testcase classname="DataDrivenTesting.LMS_API" name="post_programs" time="0.337"/>
  <system-out/>
  <testcase classname="DataDrivenTesting.LMS_API" name="post_programs" time="0.458"/>
  <system-out/>
</testsuite> <!-- DataDrivenTesting.LMS_API -->
