<?xml version="1.0" encoding="UTF-8"?>
<!-- Generated by org.testng.reporters.JUnitReportReporter -->
<testsuite hostname="LAPTOP-24GL9J8M" failures="0" tests="1" name="JobAPI.put_getJobAPI" time="1.803" errors="0" timestamp="2021-08-06T16:45:12 EDT" skipped="0">
  <testcase classname="JobAPI.put_getJobAPI" name="testPut" time="1.803"/>
  <system-out/>
</testsuite> <!-- JobAPI.put_getJobAPI -->
